mode: set
/home/discorre/vscodeproj/thierdLaba/go/myHashMap.go:17.71,20.32 3 1
/home/discorre/vscodeproj/thierdLaba/go/myHashMap.go:20.32,22.3 1 1
/home/discorre/vscodeproj/thierdLaba/go/myHashMap.go:23.2,23.11 1 1
/home/discorre/vscodeproj/thierdLaba/go/myHashMap.go:27.44,30.27 3 1
/home/discorre/vscodeproj/thierdLaba/go/myHashMap.go:30.27,32.3 1 1
/home/discorre/vscodeproj/thierdLaba/go/myHashMap.go:33.2,33.18 1 1
/home/discorre/vscodeproj/thierdLaba/go/myHashMap.go:37.51,40.12 3 1
/home/discorre/vscodeproj/thierdLaba/go/myHashMap.go:40.12,43.3 2 1
/home/discorre/vscodeproj/thierdLaba/go/myHashMap.go:44.2,44.19 1 1
/home/discorre/vscodeproj/thierdLaba/go/myHashMap.go:48.49,50.51 2 1
/home/discorre/vscodeproj/thierdLaba/go/myHashMap.go:50.51,52.3 1 1
/home/discorre/vscodeproj/thierdLaba/go/myHashMap.go:52.8,54.3 1 1
/home/discorre/vscodeproj/thierdLaba/go/myHashMap.go:58.46,60.34 2 1
/home/discorre/vscodeproj/thierdLaba/go/myHashMap.go:60.34,62.3 1 1
/home/discorre/vscodeproj/thierdLaba/go/myHashMap.go:63.2,63.12 1 1
/home/discorre/vscodeproj/thierdLaba/go/myHashMap.go:67.36,68.32 1 1
/home/discorre/vscodeproj/thierdLaba/go/myHashMap.go:68.32,71.3 2 1
/home/discorre/vscodeproj/thierdLaba/go/myHashMap.go:75.62,77.16 2 1
/home/discorre/vscodeproj/thierdLaba/go/myHashMap.go:77.16,79.3 1 0
/home/discorre/vscodeproj/thierdLaba/go/myHashMap.go:80.2,81.35 2 1
/home/discorre/vscodeproj/thierdLaba/go/myHashMap.go:81.35,82.43 1 1
/home/discorre/vscodeproj/thierdLaba/go/myHashMap.go:82.43,84.10 2 1
/home/discorre/vscodeproj/thierdLaba/go/myHashMap.go:84.10,86.5 1 1
/home/discorre/vscodeproj/thierdLaba/go/myHashMap.go:89.2,89.12 1 1
/home/discorre/vscodeproj/thierdLaba/go/myHashMap.go:93.64,95.16 2 1
/home/discorre/vscodeproj/thierdLaba/go/myHashMap.go:95.16,97.3 1 0
/home/discorre/vscodeproj/thierdLaba/go/myHashMap.go:98.2,102.6 5 1
/home/discorre/vscodeproj/thierdLaba/go/myHashMap.go:102.6,104.17 2 1
/home/discorre/vscodeproj/thierdLaba/go/myHashMap.go:104.17,105.9 1 1
/home/discorre/vscodeproj/thierdLaba/go/myHashMap.go:107.3,107.22 1 1
/home/discorre/vscodeproj/thierdLaba/go/myHashMap.go:109.2,109.12 1 1
/home/discorre/vscodeproj/thierdLaba/go/myHashMap.go:113.36,114.35 1 1
/home/discorre/vscodeproj/thierdLaba/go/myHashMap.go:114.35,116.3 1 1
/home/discorre/vscodeproj/thierdLaba/go/myHashMap.go:120.68,122.16 2 1
/home/discorre/vscodeproj/thierdLaba/go/myHashMap.go:122.16,124.3 1 0
/home/discorre/vscodeproj/thierdLaba/go/myHashMap.go:125.2,129.16 4 1
/home/discorre/vscodeproj/thierdLaba/go/myHashMap.go:129.16,131.3 1 0
/home/discorre/vscodeproj/thierdLaba/go/myHashMap.go:132.2,132.12 1 1
/home/discorre/vscodeproj/thierdLaba/go/myHashMap.go:136.70,138.16 2 1
/home/discorre/vscodeproj/thierdLaba/go/myHashMap.go:138.16,140.3 1 0
/home/discorre/vscodeproj/thierdLaba/go/myHashMap.go:141.2,145.16 4 1
/home/discorre/vscodeproj/thierdLaba/go/myHashMap.go:145.16,147.3 1 0
/home/discorre/vscodeproj/thierdLaba/go/myHashMap.go:148.2,148.12 1 1
/home/discorre/vscodeproj/thierdLaba/go/myList.go:20.53,22.2 1 1
/home/discorre/vscodeproj/thierdLaba/go/myList.go:25.49,27.19 2 1
/home/discorre/vscodeproj/thierdLaba/go/myList.go:27.19,30.3 2 1
/home/discorre/vscodeproj/thierdLaba/go/myList.go:30.8,33.3 2 1
/home/discorre/vscodeproj/thierdLaba/go/myList.go:34.2,34.12 1 1
/home/discorre/vscodeproj/thierdLaba/go/myList.go:38.46,41.21 3 1
/home/discorre/vscodeproj/thierdLaba/go/myList.go:41.21,42.25 1 1
/home/discorre/vscodeproj/thierdLaba/go/myList.go:42.25,44.4 1 1
/home/discorre/vscodeproj/thierdLaba/go/myList.go:45.3,45.25 1 1
/home/discorre/vscodeproj/thierdLaba/go/myList.go:47.2,47.25 1 1
/home/discorre/vscodeproj/thierdLaba/go/myList.go:51.55,52.36 1 1
/home/discorre/vscodeproj/thierdLaba/go/myList.go:52.36,56.3 3 1
/home/discorre/vscodeproj/thierdLaba/go/myList.go:57.2,58.29 2 1
/home/discorre/vscodeproj/thierdLaba/go/myList.go:58.29,60.3 1 1
/home/discorre/vscodeproj/thierdLaba/go/myList.go:61.2,61.41 1 1
/home/discorre/vscodeproj/thierdLaba/go/myList.go:65.43,68.21 3 1
/home/discorre/vscodeproj/thierdLaba/go/myList.go:68.21,69.25 1 1
/home/discorre/vscodeproj/thierdLaba/go/myList.go:69.25,70.19 1 1
/home/discorre/vscodeproj/thierdLaba/go/myList.go:70.19,72.5 1 0
/home/discorre/vscodeproj/thierdLaba/go/myList.go:72.10,74.5 1 1
/home/discorre/vscodeproj/thierdLaba/go/myList.go:75.4,75.25 1 1
/home/discorre/vscodeproj/thierdLaba/go/myList.go:75.25,77.5 1 1
/home/discorre/vscodeproj/thierdLaba/go/myList.go:78.4,79.15 2 1
/home/discorre/vscodeproj/thierdLaba/go/myList.go:81.3,82.25 2 1
/home/discorre/vscodeproj/thierdLaba/go/myList.go:84.2,84.14 1 1
/home/discorre/vscodeproj/thierdLaba/go/myList.go:88.32,90.21 2 1
/home/discorre/vscodeproj/thierdLaba/go/myList.go:90.21,93.3 2 1
/home/discorre/vscodeproj/thierdLaba/go/myList.go:94.2,94.15 1 1
/home/discorre/vscodeproj/thierdLaba/go/myList.go:98.35,100.2 1 1
/home/discorre/vscodeproj/thierdLaba/go/myList.go:103.32,107.2 3 1
