TN:
SF:/usr/include/c++/12/bits/stl_iterator.h
FN:1095,_ZNK9__gnu_cxx17__normal_iteratorIPKcNSt7__cxx1112basic_stringIcSt11char_traitsIcESaIcEEEEdeEv
FNDA:271493858,_ZNK9__gnu_cxx17__normal_iteratorIPKcNSt7__cxx1112basic_stringIcSt11char_traitsIcESaIcEEEEdeEv
FN:1105,_ZN9__gnu_cxx17__normal_iteratorIPKcNSt7__cxx1112basic_stringIcSt11char_traitsIcESaIcEEEEppEv
FNDA:271493858,_ZN9__gnu_cxx17__normal_iteratorIPKcNSt7__cxx1112basic_stringIcSt11char_traitsIcESaIcEEEEppEv
FN:1158,_ZNK9__gnu_cxx17__normal_iteratorIPKcNSt7__cxx1112basic_stringIcSt11char_traitsIcESaIcEEEE4baseEv
FNDA:655888388,_ZNK9__gnu_cxx17__normal_iteratorIPKcNSt7__cxx1112basic_stringIcSt11char_traitsIcESaIcEEEE4baseEv
FN:1237,_ZN9__gnu_cxxneIPKcNSt7__cxx1112basic_stringIcSt11char_traitsIcESaIcEEEEEbRKNS_17__normal_iteratorIT_T0_EESE_
FNDA:327944194,_ZN9__gnu_cxxneIPKcNSt7__cxx1112basic_stringIcSt11char_traitsIcESaIcEEEEEbRKNS_17__normal_iteratorIT_T0_EESE_
DA:1095,271493858
DA:1096,271493858
DA:1105,271493858
DA:1107,271493858
DA:1108,271493858
DA:1158,655888388
DA:1159,655888388
DA:1237,327944194
DA:1240,327944194
end_of_record
SF:/home/discorre/vscodeproj/thierdLaba/myArray.hpp
FN:16,_ZN7MyArrayIiEC2Ei
FNDA:191,_ZN7MyArrayIiEC2Ei
FN:21,_ZN7MyArrayIiED2Ev
FNDA:191,_ZN7MyArrayIiED2Ev
FN:26,_ZN7MyArrayIiE5MPUSHERKi
FNDA:481069872,_ZN7MyArrayIiE5MPUSHERKi
FN:34,_ZN7MyArrayIiE5MPUSHEiRKi
FNDA:134349,_ZN7MyArrayIiE5MPUSHEiRKi
FN:50,_ZN7MyArrayIiE4MDELEi
FNDA:925613,_ZN7MyArrayIiE4MDELEi
FN:62,_ZN7MyArrayIiE4MGETEi
FNDA:394554171,_ZN7MyArrayIiE4MGETEi
FN:78,_ZN7MyArrayIiE6MRESETEiRKi
FNDA:371598737,_ZN7MyArrayIiE6MRESETEiRKi
FN:86,_ZN7MyArrayIiE6resizeEv
FNDA:2215,_ZN7MyArrayIiE6resizeEv
DA:16,191
DA:17,191
DA:18,191
DA:21,191
DA:22,191
DA:23,191
DA:26,481069872
DA:27,481069872
DA:28,2197
DA:30,481069872
DA:31,481069872
DA:34,134349
DA:35,134349
DA:36,0
DA:38,134349
DA:39,18
DA:42,3593948124
DA:43,3593813775
DA:45,134349
DA:46,134349
DA:47,134349
DA:50,925613
DA:51,925613
DA:52,0
DA:55,2137706496
DA:56,2136780883
DA:58,925613
DA:59,925613
DA:62,394554171
DA:63,394554171
DA:64,0
DA:66,394554171
DA:78,371598737
DA:79,371598737
DA:80,0
DA:82,371598737
DA:83,371598737
DA:86,2215
DA:87,2215
DA:88,2215
DA:89,608378805
DA:90,608376590
DA:92,2215
DA:93,2215
DA:94,2215
end_of_record
SF:/usr/include/c++/12/bits/stl_vector.h
FN:987,_ZNKSt6vectorIlSaIlEE4sizeEv
FNDA:854336178,_ZNKSt6vectorIlSaIlEE4sizeEv
FN:1140,_ZNKSt6vectorIlSaIlEEixEm
FNDA:854336178,_ZNKSt6vectorIlSaIlEEixEm
DA:987,854336178
DA:988,854336178
DA:1140,854336178
DA:1143,854336178
end_of_record
SF:/usr/include/c++/12/bits/alloc_traits.h
FN:562,_ZNSt16allocator_traitsISaIcEE37select_on_container_copy_constructionERKS0_
FNDA:0,_ZNSt16allocator_traitsISaIcEE37select_on_container_copy_constructionERKS0_
DA:562,0
DA:563,0
end_of_record
SF:/usr/include/c++/12/bits/char_traits.h
FN:121,_ZN9__gnu_cxx11char_traitsIcE2eqERKcS3_
FNDA:0,_ZN9__gnu_cxx11char_traitsIcE2eqERKcS3_
FN:182,_ZN9__gnu_cxx11char_traitsIcE6lengthEPKc
FNDA:0,_ZN9__gnu_cxx11char_traitsIcE6lengthEPKc
FN:362,_ZNSt11char_traitsIcE2ltERKcS2_
FNDA:0,_ZNSt11char_traitsIcE2ltERKcS2_
FN:370,_ZNSt11char_traitsIcE7compareEPKcS2_m
FNDA:18460243,_ZNSt11char_traitsIcE7compareEPKcS2_m
FN:389,_ZNSt11char_traitsIcE6lengthEPKc
FNDA:153802,_ZNSt11char_traitsIcE6lengthEPKc
FN:423,_ZNSt11char_traitsIcE4copyEPcPKcm
FNDA:0,_ZNSt11char_traitsIcE4copyEPcPKcm
DA:121,0
DA:122,0
DA:182,0
DA:185,0
DA:186,0
DA:187,0
DA:188,0
DA:362,0
DA:365,0
DA:366,0
DA:370,18460243
DA:372,18460243
DA:373,0
DA:375,18460243
DA:377,0
DA:378,0
DA:379,0
DA:380,0
DA:381,0
DA:382,0
DA:385,18460243
DA:389,153802
DA:392,153802
DA:393,0
DA:395,153802
DA:423,0
DA:425,0
DA:426,0
DA:431,0
end_of_record
SF:/usr/local/include/benchmark/benchmark.h
FN:909,_ZNK9benchmark5State7skippedEv
FNDA:373,_ZNK9benchmark5State7skippedEv
FN:1443,_ZN9benchmark8internal17FunctionBenchmarkC2ERKNSt7__cxx1112basic_stringIcSt11char_traitsIcESaIcEEEPFvRNS_5StateEE
FNDA:13,_ZN9benchmark8internal17FunctionBenchmarkC2ERKNSt7__cxx1112basic_stringIcSt11char_traitsIcESaIcEEEPFvRNS_5StateEE
DA:578,408299115
DA:579,408299115
DA:909,373
DA:948,286
DA:949,286
DA:990,854336178
DA:991,854336178
DA:1122,373
DA:1126,373
DA:1130,1429153055
DA:1134,1429153055
DA:1135,1429153055
DA:1136,1429153055
DA:1141,1429153428
DA:1142,373
DA:1143,373
DA:1152,373
DA:1155,373
DA:1156,373
DA:1443,13
DA:1444,13
end_of_record
SF:/usr/include/c++/12/bits/charconv.h
FN:47,_ZNSt8__detail14__to_chars_lenIjEEjT_i
FNDA:38419568,_ZNSt8__detail14__to_chars_lenIjEEjT_i
FN:72,_ZNSt8__detail18__to_chars_10_implIjEEvPcjT_
FNDA:38419568,_ZNSt8__detail18__to_chars_10_implIjEEvPcjT_
DA:47,38419568
DA:52,38419568
DA:53,38419568
DA:54,38419568
DA:55,38419568
DA:58,38419568
DA:59,22232856
DA:60,7786740
DA:61,0
DA:62,0
DA:63,0
DA:72,38419568
DA:83,38419568
DA:84,46206308
DA:86,7786740
DA:87,7786740
DA:88,7786740
DA:89,7786740
DA:90,7786740
DA:92,38419568
DA:94,14446116
DA:95,14446116
DA:96,14446116
DA:99,23973452
DA:100,38419568
end_of_record
SF:/usr/include/c++/12/bits/stl_iterator_base_types.h
FN:238,_ZSt19__iterator_categoryIPKcENSt15iterator_traitsIT_E17iterator_categoryERKS3_
FNDA:153802,_ZSt19__iterator_categoryIPKcENSt15iterator_traitsIT_E17iterator_categoryERKS3_
FN:238,_ZSt19__iterator_categoryIPcENSt15iterator_traitsIT_E17iterator_categoryERKS2_
FNDA:0,_ZSt19__iterator_categoryIPcENSt15iterator_traitsIT_E17iterator_categoryERKS2_
DA:238,153802
DA:239,153802
DA:238,0
DA:239,0
end_of_record
SF:/usr/include/c++/12/ext/alloc_traits.h
FN:97,_ZN9__gnu_cxx14__alloc_traitsISaIcEcE17_S_select_on_copyERKS1_
FNDA:0,_ZN9__gnu_cxx14__alloc_traitsISaIcEcE17_S_select_on_copyERKS1_
DA:97,0
DA:98,0
end_of_record
SF:/usr/include/c++/12/bits/stl_iterator_base_funcs.h
FN:99,_ZSt10__distanceIPcENSt15iterator_traitsIT_E15difference_typeES2_S2_St26random_access_iterator_tag
FNDA:0,_ZSt10__distanceIPcENSt15iterator_traitsIT_E15difference_typeES2_S2_St26random_access_iterator_tag
FN:99,_ZSt10__distanceIPKcENSt15iterator_traitsIT_E15difference_typeES3_S3_St26random_access_iterator_tag
FNDA:153802,_ZSt10__distanceIPKcENSt15iterator_traitsIT_E15difference_typeES3_S3_St26random_access_iterator_tag
FN:147,_ZSt8distanceIPcENSt15iterator_traitsIT_E15difference_typeES2_S2_
FNDA:0,_ZSt8distanceIPcENSt15iterator_traitsIT_E15difference_typeES2_S2_
FN:147,_ZSt8distanceIPKcENSt15iterator_traitsIT_E15difference_typeES3_S3_
FNDA:153802,_ZSt8distanceIPKcENSt15iterator_traitsIT_E15difference_typeES3_S3_
DA:99,0
DA:105,0
DA:99,153802
DA:105,153802
DA:147,0
DA:150,0
DA:151,0
DA:147,153802
DA:150,153802
DA:151,307604
end_of_record
SF:/home/discorre/vscodeproj/thierdLaba/myHashMap.hpp
FN:11,_ZNK9MyHashMapINSt7__cxx1112basic_stringIcSt11char_traitsIcESaIcEEEiE4hashERKS5_
FNDA:56450336,_ZNK9MyHashMapINSt7__cxx1112basic_stringIcSt11char_traitsIcESaIcEEEiE4hashERKS5_
FN:21,_ZN9MyHashMapINSt7__cxx1112basic_stringIcSt11char_traitsIcESaIcEEEiEC2Ei
FNDA:1,_ZN9MyHashMapINSt7__cxx1112basic_stringIcSt11char_traitsIcESaIcEEEiEC2Ei
FN:26,_ZN9MyHashMapINSt7__cxx1112basic_stringIcSt11char_traitsIcESaIcEEEiED2Ev
FNDA:1,_ZN9MyHashMapINSt7__cxx1112basic_stringIcSt11char_traitsIcESaIcEEEiED2Ev
FN:33,_ZN9MyHashMapINSt7__cxx1112basic_stringIcSt11char_traitsIcESaIcEEEiE4HGETERKS5_
FNDA:13744944,_ZN9MyHashMapINSt7__cxx1112basic_stringIcSt11char_traitsIcESaIcEEEiE4HGETERKS5_
FN:46,_ZN9MyHashMapINSt7__cxx1112basic_stringIcSt11char_traitsIcESaIcEEEiE4HSETERKS5_RKi
FNDA:13152680,_ZN9MyHashMapINSt7__cxx1112basic_stringIcSt11char_traitsIcESaIcEEEiE4HSETERKS5_RKi
FN:56,_ZN9MyHashMapINSt7__cxx1112basic_stringIcSt11char_traitsIcESaIcEEEiE4HDELERKS5_
FNDA:16400032,_ZN9MyHashMapINSt7__cxx1112basic_stringIcSt11char_traitsIcESaIcEEEiE4HDELERKS5_
FN:75,_ZNK9MyHashMapINSt7__cxx1112basic_stringIcSt11char_traitsIcESaIcEEEiE10saveToFileERKS5_
FNDA:11299,_ZNK9MyHashMapINSt7__cxx1112basic_stringIcSt11char_traitsIcESaIcEEEiE10saveToFileERKS5_
FN:101,_ZN9MyHashMapINSt7__cxx1112basic_stringIcSt11char_traitsIcESaIcEEEiE12loadFromFileERKS5_
FNDA:142490,_ZN9MyHashMapINSt7__cxx1112basic_stringIcSt11char_traitsIcESaIcEEEiE12loadFromFileERKS5_
FN:119,_ZN9MyHashMapINSt7__cxx1112basic_stringIcSt11char_traitsIcESaIcEEEiE5clearEv
FNDA:714567,_ZN9MyHashMapINSt7__cxx1112basic_stringIcSt11char_traitsIcESaIcEEEiE5clearEv
DA:11,56450336
DA:12,56450336
DA:13,327944194
DA:14,271493858
DA:16,56450336
DA:21,1
DA:22,101
DA:23,1
DA:26,1
DA:27,101
DA:28,1
DA:33,13744944
DA:34,13744944
DA:35,13744944
DA:36,13744944
DA:40,0
DA:41,0
DA:46,13152680
DA:47,13152680
DA:48,13152680
DA:49,13152680
DA:51,0
DA:53,13152680
DA:56,16400032
DA:57,16400032
DA:58,16400032
DA:59,16400032
DA:60,1976
DA:63,16398056
DA:65,16400032
DA:75,11299
DA:76,11299
DA:77,11299
DA:78,0
DA:80,1141199
DA:82,1129900
DA:83,1129900
DA:84,525163
DA:88,1831513
DA:89,1226776
DA:91,1226776
DA:92,1226776
DA:96,11299
DA:97,11299
DA:101,142490
DA:102,142490
DA:103,142490
DA:104,0
DA:106,142490
DA:108,142490
DA:110,5020578
DA:111,4878088
DA:114,142490
DA:115,142490
DA:119,714567
DA:120,72171267
DA:121,71456700
DA:123,714567
end_of_record
SF:/home/discorre/vscodeproj/thierdLaba/benchmark.cpp
FN:8,_Z14suppressOutputv
FNDA:19,_Z14suppressOutputv
FN:12,_Z13restoreOutputv
FNDA:19,_Z13restoreOutputv
FN:18,_ZL18BM_MyList_PushBackRN9benchmark5StateE
FNDA:45,_ZL18BM_MyList_PushBackRN9benchmark5StateE
FN:28,_ZL14BM_MyList_FindRN9benchmark5StateE
FNDA:26,_ZL14BM_MyList_FindRN9benchmark5StateE
FN:41,_ZL16BM_MyList_RemoveRN9benchmark5StateE
FNDA:24,_ZL16BM_MyList_RemoveRN9benchmark5StateE
FN:56,_ZL16BM_MyArray_MpushRN9benchmark5StateE
FNDA:45,_ZL16BM_MyArray_MpushRN9benchmark5StateE
FN:65,_ZL23BM_MyArray_MpushAtIndexRN9benchmark5StateE
FNDA:26,_ZL23BM_MyArray_MpushAtIndexRN9benchmark5StateE
FN:77,_ZL15BM_MyArray_MdelRN9benchmark5StateE
FNDA:29,_ZL15BM_MyArray_MdelRN9benchmark5StateE
FN:90,_ZL15BM_MyArray_MgetRN9benchmark5StateE
FNDA:46,_ZL15BM_MyArray_MgetRN9benchmark5StateE
FN:102,_ZL17BM_MyArray_MresetRN9benchmark5StateE
FNDA:45,_ZL17BM_MyArray_MresetRN9benchmark5StateE
FN:118,_ZL17BM_HashMap_InsertRN9benchmark5StateE
FNDA:18,_ZL17BM_HashMap_InsertRN9benchmark5StateE
FN:128,_ZL14BM_HashMap_GetRN9benchmark5StateE
FNDA:18,_ZL14BM_HashMap_GetRN9benchmark5StateE
FN:142,_ZL17BM_HashMap_DeleteRN9benchmark5StateE
FNDA:19,_ZL17BM_HashMap_DeleteRN9benchmark5StateE
FN:157,_ZL21BM_HashMap_SaveToFileRN9benchmark5StateE
FNDA:15,_ZL21BM_HashMap_SaveToFileRN9benchmark5StateE
FN:168,_ZL23BM_HashMap_LoadFromFileRN9benchmark5StateE
FNDA:17,_ZL23BM_HashMap_LoadFromFileRN9benchmark5StateE
FN:183,main
FNDA:1,main
DA:8,19
DA:9,19
DA:10,19
DA:12,19
DA:13,19
DA:14,19
DA:18,45
DA:19,45
DA:21,214804613
DA:22,214804433
DA:24,45
DA:25,45
DA:28,26
DA:29,26
DA:30,10876980
DA:31,5438464
DA:33,1514712
DA:35,757304
DA:37,26
DA:38,26
DA:41,24
DA:42,24
DA:43,8777776
DA:44,4388864
DA:46,179800
DA:47,89852
DA:48,179704
DA:50,24
DA:51,24
DA:56,45
DA:57,45
DA:58,444170295
DA:59,444170115
DA:61,45
DA:62,45
DA:65,26
DA:66,26
DA:67,11399220
DA:68,5699584
DA:70,134453
DA:71,268698
DA:73,26
DA:74,26
DA:77,29
DA:78,29
DA:79,11475002
DA:80,5737472
DA:82,1851342
DA:83,925613
DA:84,925613
DA:86,29
DA:87,29
DA:90,46
DA:91,46
DA:92,24799324
DA:93,12399616
DA:95,789108526
DA:96,394554171
DA:98,46
DA:99,46
DA:102,45
DA:103,45
DA:104,24275034
DA:105,12137472
DA:107,371598917
DA:108,743197474
DA:110,45
DA:111,45
DA:118,18
DA:119,429590
DA:120,429518
DA:121,17394124
DA:122,8267544
DA:125,18
DA:128,18
DA:129,18
DA:130,3476
DA:131,1720
DA:133,779439
DA:134,29048622
DA:135,13744944
DA:139,18
DA:142,19
DA:143,19
DA:144,19
DA:145,3990
DA:146,1976
DA:148,755900
DA:149,34311712
DA:150,16400032
DA:153,19
DA:154,19
DA:157,15
DA:158,15
DA:159,3310
DA:160,1640
DA:162,11342
DA:163,11282
DA:165,15
DA:168,17
DA:169,17
DA:170,3458
DA:171,1712
DA:173,17
DA:174,142558
DA:175,142490
DA:176,142490
DA:178,17
DA:183,1
end_of_record
SF:/usr/include/x86_64-linux-gnu/c++/12/bits/c++config.h
FN:516,_ZSt23__is_constant_evaluatedv
FNDA:18614045,_ZSt23__is_constant_evaluatedv
DA:516,18614045
DA:523,18614045
end_of_record
SF:/usr/include/c++/12/bits/basic_string.tcc
FN:217,_ZNSt7__cxx1112basic_stringIcSt11char_traitsIcESaIcEE12_M_constructIPcEEvT_S7_St20forward_iterator_tag
FNDA:0,_ZNSt7__cxx1112basic_stringIcSt11char_traitsIcESaIcEE12_M_constructIPcEEvT_S7_St20forward_iterator_tag
FN:217,_ZNSt7__cxx1112basic_stringIcSt11char_traitsIcESaIcEE12_M_constructIPKcEEvT_S8_St20forward_iterator_tag
FNDA:153802,_ZNSt7__cxx1112basic_stringIcSt11char_traitsIcESaIcEE12_M_constructIPKcEEvT_S8_St20forward_iterator_tag
FN:235,_ZZNSt7__cxx1112basic_stringIcSt11char_traitsIcESaIcEE12_M_constructIPcEEvT_S7_St20forward_iterator_tagEN6_GuardC2EPS4_
FNDA:0,_ZZNSt7__cxx1112basic_stringIcSt11char_traitsIcESaIcEE12_M_constructIPcEEvT_S7_St20forward_iterator_tagEN6_GuardC2EPS4_
FN:235,_ZZNSt7__cxx1112basic_stringIcSt11char_traitsIcESaIcEE12_M_constructIPKcEEvT_S8_St20forward_iterator_tagEN6_GuardC2EPS4_
FNDA:153802,_ZZNSt7__cxx1112basic_stringIcSt11char_traitsIcESaIcEE12_M_constructIPKcEEvT_S8_St20forward_iterator_tagEN6_GuardC2EPS4_
FN:238,_ZZNSt7__cxx1112basic_stringIcSt11char_traitsIcESaIcEE12_M_constructIPcEEvT_S7_St20forward_iterator_tagEN6_GuardD2Ev
FNDA:0,_ZZNSt7__cxx1112basic_stringIcSt11char_traitsIcESaIcEE12_M_constructIPcEEvT_S7_St20forward_iterator_tagEN6_GuardD2Ev
FN:238,_ZZNSt7__cxx1112basic_stringIcSt11char_traitsIcESaIcEE12_M_constructIPKcEEvT_S8_St20forward_iterator_tagEN6_GuardD2Ev
FNDA:153802,_ZZNSt7__cxx1112basic_stringIcSt11char_traitsIcESaIcEE12_M_constructIPKcEEvT_S8_St20forward_iterator_tagEN6_GuardD2Ev
DA:217,0
DA:221,0
DA:223,0
DA:225,0
DA:226,0
DA:241,0
DA:243,0
DA:245,0
DA:247,0
DA:248,0
DA:217,153802
DA:221,153802
DA:223,153802
DA:225,153798
DA:226,153798
DA:241,153802
DA:243,153802
DA:245,153802
DA:247,153802
DA:248,153802
DA:235,0
DA:235,153802
DA:238,0
DA:238,153802
end_of_record
SF:/home/discorre/vscodeproj/thierdLaba/myListKV.hpp
FN:13,_ZN6MyListINSt7__cxx1112basic_stringIcSt11char_traitsIcESaIcEEEiE4NodeC2ES5_i
FNDA:13152680,_ZN6MyListINSt7__cxx1112basic_stringIcSt11char_traitsIcESaIcEEEiE4NodeC2ES5_i
FN:13,_ZN6MyListIiiE4NodeC2Eii
FNDA:224721613,_ZN6MyListIiiE4NodeC2Eii
FN:22,_ZN6MyListINSt7__cxx1112basic_stringIcSt11char_traitsIcESaIcEEEiEC2Ev
FNDA:100,_ZN6MyListINSt7__cxx1112basic_stringIcSt11char_traitsIcESaIcEEEiEC2Ev
FN:22,_ZN6MyListIiiEC2Ev
FNDA:95,_ZN6MyListIiiEC2Ev
FN:25,_ZN6MyListINSt7__cxx1112basic_stringIcSt11char_traitsIcESaIcEEEiED2Ev
FNDA:100,_ZN6MyListINSt7__cxx1112basic_stringIcSt11char_traitsIcESaIcEEEiED2Ev
FN:25,_ZN6MyListIiiED2Ev
FNDA:95,_ZN6MyListIiiED2Ev
FN:30,_ZN6MyListINSt7__cxx1112basic_stringIcSt11char_traitsIcESaIcEEEiE9push_backERKS5_RKi
FNDA:13152680,_ZN6MyListINSt7__cxx1112basic_stringIcSt11char_traitsIcESaIcEEEiE9push_backERKS5_RKi
FN:30,_ZN6MyListIiiE9push_backERKiS2_
FNDA:224721613,_ZN6MyListIiiE9push_backERKiS2_
FN:43,_ZNK6MyListINSt7__cxx1112basic_stringIcSt11char_traitsIcESaIcEEEiE4findERKS5_Ri
FNDA:43297656,_ZNK6MyListINSt7__cxx1112basic_stringIcSt11char_traitsIcESaIcEEEiE4findERKS5_Ri
FN:43,_ZNK6MyListIiiE4findERKiRi
FNDA:757304,_ZNK6MyListIiiE4findERKiRi
FN:56,_ZNK6MyListINSt7__cxx1112basic_stringIcSt11char_traitsIcESaIcEEEiE6findAtEiRS5_Ri
FNDA:1226776,_ZNK6MyListINSt7__cxx1112basic_stringIcSt11char_traitsIcESaIcEEEiE6findAtEiRS5_Ri
FN:70,_ZN6MyListINSt7__cxx1112basic_stringIcSt11char_traitsIcESaIcEEEiE6removeERKS5_
FNDA:1976,_ZN6MyListINSt7__cxx1112basic_stringIcSt11char_traitsIcESaIcEEEiE6removeERKS5_
FN:70,_ZN6MyListIiiE6removeERKi
FNDA:89852,_ZN6MyListIiiE6removeERKi
FN:106,_ZNK6MyListINSt7__cxx1112basic_stringIcSt11char_traitsIcESaIcEEEiE4sizeEv
FNDA:2961413,_ZNK6MyListINSt7__cxx1112basic_stringIcSt11char_traitsIcESaIcEEEiE4sizeEv
FN:111,_ZN6MyListINSt7__cxx1112basic_stringIcSt11char_traitsIcESaIcEEEiE5clearEv
FNDA:71456800,_ZN6MyListINSt7__cxx1112basic_stringIcSt11char_traitsIcESaIcEEEiE5clearEv
FN:111,_ZN6MyListIiiE5clearEv
FNDA:95,_ZN6MyListIiiE5clearEv
DA:13,13152680
DA:13,224721613
DA:22,100
DA:22,95
DA:25,100
DA:26,100
DA:27,100
DA:25,95
DA:26,95
DA:27,95
DA:30,13152680
DA:31,13152680
DA:32,13152680
DA:33,10063101
DA:36,3089579
DA:37,3089579
DA:39,13152680
DA:40,13152680
DA:30,224721613
DA:31,224721613
DA:32,224721613
DA:33,95
DA:36,224721518
DA:37,224721518
DA:39,224721613
DA:40,224721613
DA:43,43297656
DA:44,43297656
DA:45,53214483
DA:46,23663747
DA:47,13746920
DA:48,13746920
DA:50,9916827
DA:52,29550736
DA:43,757304
DA:44,757304
DA:45,1118926904
DA:46,1118926904
DA:47,757304
DA:48,757304
DA:50,1118169600
DA:52,0
DA:56,1226776
DA:57,1226776
DA:58,0
DA:60,1226776
DA:61,2318191
DA:62,1091415
DA:64,1226776
DA:65,1226776
DA:66,1226776
DA:70,1976
DA:71,1976
DA:72,1976
DA:74,1976
DA:75,1976
DA:76,1976
DA:77,0
DA:80,1976
DA:82,1976
DA:83,962
DA:85,1976
DA:86,1976
DA:87,1976
DA:89,0
DA:90,0
DA:92,0
DA:70,89852
DA:71,89852
DA:72,89852
DA:74,1755672801
DA:75,1755582973
DA:76,24
DA:77,24
DA:80,0
DA:82,24
DA:83,0
DA:85,24
DA:86,24
DA:87,24
DA:89,1755582949
DA:90,1755582949
DA:92,89828
DA:106,2961413
DA:107,2961413
DA:111,71456800
DA:112,84607504
DA:113,13150704
DA:114,13150704
DA:115,13150704
DA:117,71456800
DA:118,71456800
DA:119,71456800
DA:111,95
DA:112,224721684
DA:113,224721589
DA:114,224721589
DA:115,224721589
DA:117,95
DA:118,95
DA:119,95
end_of_record
SF:/usr/include/c++/12/iostream
end_of_record
SF:/usr/include/c++/12/bits/new_allocator.h
FN:80,_ZNSt15__new_allocatorIcEC2Ev
FNDA:0,_ZNSt15__new_allocatorIcEC2Ev
FN:83,_ZNSt15__new_allocatorIcEC2ERKS0_
FNDA:0,_ZNSt15__new_allocatorIcEC2ERKS0_
FN:90,_ZNSt15__new_allocatorIcED2Ev
FNDA:0,_ZNSt15__new_allocatorIcED2Ev
DA:80,0
DA:83,0
DA:90,0
end_of_record
SF:/usr/include/c++/12/bits/basic_string.h
FN:634,_ZNSt7__cxx1112basic_stringIcSt11char_traitsIcESaIcEEC2IS3_EEPKcRKS3_
FNDA:153802,_ZNSt7__cxx1112basic_stringIcSt11char_traitsIcESaIcEEC2IS3_EEPKcRKS3_
FN:657,_ZNSt7__cxx1112basic_stringIcSt11char_traitsIcESaIcEEC2IS3_EEmcRKS3_
FNDA:38419568,_ZNSt7__cxx1112basic_stringIcSt11char_traitsIcESaIcEEC2IS3_EEmcRKS3_
FN:3539,_ZStplIcSt11char_traitsIcESaIcEENSt7__cxx1112basic_stringIT_T0_T1_EEPKS5_OS8_
FNDA:38419568,_ZStplIcSt11char_traitsIcESaIcEENSt7__cxx1112basic_stringIT_T0_T1_EEPKS5_OS8_
FN:3584,_ZSteqIcEN9__gnu_cxx11__enable_ifIXsrSt9__is_charIT_E7__valueEbE6__typeERKNSt7__cxx1112basic_stringIS3_St11char_traitsIS3_ESaIS3_EEESE_
FNDA:23665723,_ZSteqIcEN9__gnu_cxx11__enable_ifIXsrSt9__is_charIT_E7__valueEbE6__typeERKNSt7__cxx1112basic_stringIS3_St11char_traitsIS3_ESaIS3_EEESE_
FN:4012,_ZNSt7__cxx119to_stringEi
FNDA:38419568,_ZNSt7__cxx119to_stringEi
DA:358,4
DA:634,153802
DA:635,153802
DA:638,153802
DA:639,0
DA:641,153802
DA:642,153802
DA:643,153802
DA:657,38419568
DA:658,38419568
DA:659,38419568
DA:3539,38419568
DA:3541,38419568
DA:3584,23665723
DA:3586,23665723
DA:3587,23665723
DA:3588,23665723
DA:4012,38419568
DA:4017,38419568
DA:4018,38419568
DA:4019,38419568
DA:4020,38419568
DA:4021,38419568
DA:4022,38419568
end_of_record
SF:/usr/include/c++/12/bits/move.h
FN:104,_ZSt4moveIRNSt7__cxx1112basic_stringIcSt11char_traitsIcESaIcEEEEONSt16remove_referenceIT_E4typeEOS8_
FNDA:38419568,_ZSt4moveIRNSt7__cxx1112basic_stringIcSt11char_traitsIcESaIcEEEEONSt16remove_referenceIT_E4typeEOS8_
FN:104,_ZSt4moveIRSaIcEEONSt16remove_referenceIT_E4typeEOS3_
FNDA:0,_ZSt4moveIRSaIcEEONSt16remove_referenceIT_E4typeEOS3_
DA:104,38419568
DA:105,38419568
DA:104,0
DA:105,0
end_of_record
